2021-04-30T10:07:31+00:00 CRITICAL Uncaught Error: Call to undefined function st_login_form_param() in /home/w/wozyru/wozy.ru/public_html/wp-content/themes/Divi/st-login.php:11
Stack trace:
#0 /home/w/wozyru/wozy.ru/public_html/wp-includes/template-loader.php(106): include()
#1 /home/w/wozyru/wozy.ru/public_html/wp-blog-header.php(19): require_once('/home/w/wozyru/...')
#2 /home/w/wozyru/wozy.ru/public_html/index.php(17): require('/home/w/wozyru/...')
#3 {main}
  thrown в /home/w/wozyru/wozy.ru/public_html/wp-content/themes/Divi/st-login.php на строке 11

2021-04-30T10:07:41+00:00 CRITICAL Uncaught Error: Call to undefined function st_login_form_param() in /home/w/wozyru/wozy.ru/public_html/wp-content/themes/Divi/st-login.php:11
Stack trace:
#0 /home/w/wozyru/wozy.ru/public_html/wp-includes/template-loader.php(106): include()
#1 /home/w/wozyru/wozy.ru/public_html/wp-blog-header.php(19): require_once('/home/w/wozyru/...')
#2 /home/w/wozyru/wozy.ru/public_html/index.php(17): require('/home/w/wozyru/...')
#3 {main}
  thrown в /home/w/wozyru/wozy.ru/public_html/wp-content/themes/Divi/st-login.php на строке 11

2021-04-30T10:08:11+00:00 CRITICAL Uncaught Error: Call to undefined function st_login_form_param() in /home/w/wozyru/wozy.ru/public_html/wp-content/themes/Divi/st-login.php:11
Stack trace:
#0 /home/w/wozyru/wozy.ru/public_html/wp-includes/template-loader.php(106): include()
#1 /home/w/wozyru/wozy.ru/public_html/wp-blog-header.php(19): require_once('/home/w/wozyru/...')
#2 /home/w/wozyru/wozy.ru/public_html/index.php(17): require('/home/w/wozyru/...')
#3 {main}
  thrown в /home/w/wozyru/wozy.ru/public_html/wp-content/themes/Divi/st-login.php на строке 11

2021-04-30T10:08:13+00:00 CRITICAL Uncaught Error: Call to undefined function st_login_form_param() in /home/w/wozyru/wozy.ru/public_html/wp-content/themes/Divi/st-login.php:11
Stack trace:
#0 /home/w/wozyru/wozy.ru/public_html/wp-includes/template-loader.php(106): include()
#1 /home/w/wozyru/wozy.ru/public_html/wp-blog-header.php(19): require_once('/home/w/wozyru/...')
#2 /home/w/wozyru/wozy.ru/public_html/index.php(17): require('/home/w/wozyru/...')
#3 {main}
  thrown в /home/w/wozyru/wozy.ru/public_html/wp-content/themes/Divi/st-login.php на строке 11

2021-04-30T10:38:38+00:00 CRITICAL Uncaught Error: Call to undefined function st_login_form_param() in /home/w/wozyru/wozy.ru/public_html/wp-content/themes/Divi/st-login.php:11
Stack trace:
#0 /home/w/wozyru/wozy.ru/public_html/wp-includes/template-loader.php(106): include()
#1 /home/w/wozyru/wozy.ru/public_html/wp-blog-header.php(19): require_once('/home/w/wozyru/...')
#2 /home/w/wozyru/wozy.ru/public_html/index.php(17): require('/home/w/wozyru/...')
#3 {main}
  thrown в /home/w/wozyru/wozy.ru/public_html/wp-content/themes/Divi/st-login.php на строке 11

2021-04-30T12:34:30+00:00 CRITICAL Uncaught Error: Call to undefined function st_login_form_param() in /home/w/wozyru/wozy.ru/public_html/wp-content/themes/Divi/st-login.php:11
Stack trace:
#0 /home/w/wozyru/wozy.ru/public_html/wp-includes/template-loader.php(106): include()
#1 /home/w/wozyru/wozy.ru/public_html/wp-blog-header.php(19): require_once('/home/w/wozyru/...')
#2 /home/w/wozyru/wozy.ru/public_html/index.php(17): require('/home/w/wozyru/...')
#3 {main}
  thrown в /home/w/wozyru/wozy.ru/public_html/wp-content/themes/Divi/st-login.php на строке 11

2021-04-30T12:34:56+00:00 CRITICAL Uncaught Error: Call to undefined function st_login_form_param() in /home/w/wozyru/wozy.ru/public_html/wp-content/themes/Divi/st-login.php:11
Stack trace:
#0 /home/w/wozyru/wozy.ru/public_html/wp-includes/template-loader.php(106): include()
#1 /home/w/wozyru/wozy.ru/public_html/wp-blog-header.php(19): require_once('/home/w/wozyru/...')
#2 /home/w/wozyru/wozy.ru/public_html/index.php(17): require('/home/w/wozyru/...')
#3 {main}
  thrown в /home/w/wozyru/wozy.ru/public_html/wp-content/themes/Divi/st-login.php на строке 11

2021-04-30T13:39:24+00:00 CRITICAL Uncaught Error: Call to undefined function st_login_form_param() in /home/w/wozyru/wozy.ru/public_html/wp-content/themes/Divi/st-login.php:11
Stack trace:
#0 /home/w/wozyru/wozy.ru/public_html/wp-includes/template-loader.php(106): include()
#1 /home/w/wozyru/wozy.ru/public_html/wp-blog-header.php(19): require_once('/home/w/wozyru/...')
#2 /home/w/wozyru/wozy.ru/public_html/index.php(17): require('/home/w/wozyru/...')
#3 {main}
  thrown в /home/w/wozyru/wozy.ru/public_html/wp-content/themes/Divi/st-login.php на строке 11

2021-04-30T13:39:29+00:00 CRITICAL Uncaught Error: Call to undefined function st_login_form_param() in /home/w/wozyru/wozy.ru/public_html/wp-content/themes/Divi/st-login.php:11
Stack trace:
#0 /home/w/wozyru/wozy.ru/public_html/wp-includes/template-loader.php(106): include()
#1 /home/w/wozyru/wozy.ru/public_html/wp-blog-header.php(19): require_once('/home/w/wozyru/...')
#2 /home/w/wozyru/wozy.ru/public_html/index.php(17): require('/home/w/wozyru/...')
#3 {main}
  thrown в /home/w/wozyru/wozy.ru/public_html/wp-content/themes/Divi/st-login.php на строке 11

2021-04-30T15:25:41+00:00 CRITICAL Uncaught Error: Call to undefined function st_login_form_param() in /home/w/wozyru/wozy.ru/public_html/wp-content/themes/Divi/st-login.php:11
Stack trace:
#0 /home/w/wozyru/wozy.ru/public_html/wp-includes/template-loader.php(106): include()
#1 /home/w/wozyru/wozy.ru/public_html/wp-blog-header.php(19): require_once('/home/w/wozyru/...')
#2 /home/w/wozyru/wozy.ru/public_html/index.php(17): require('/home/w/wozyru/...')
#3 {main}
  thrown в /home/w/wozyru/wozy.ru/public_html/wp-content/themes/Divi/st-login.php на строке 11

2021-04-30T16:42:25+00:00 CRITICAL Uncaught Error: Call to undefined function st_login_form_param() in /home/w/wozyru/wozy.ru/public_html/wp-content/themes/Divi/st-login.php:11
Stack trace:
#0 /home/w/wozyru/wozy.ru/public_html/wp-includes/template-loader.php(106): include()
#1 /home/w/wozyru/wozy.ru/public_html/wp-blog-header.php(19): require_once('/home/w/wozyru/...')
#2 /home/w/wozyru/wozy.ru/public_html/index.php(17): require('/home/w/wozyru/...')
#3 {main}
  thrown в /home/w/wozyru/wozy.ru/public_html/wp-content/themes/Divi/st-login.php на строке 11

2021-04-30T16:42:49+00:00 CRITICAL Uncaught Error: Call to undefined function st_login_form_param() in /home/w/wozyru/wozy.ru/public_html/wp-content/themes/Divi/st-login.php:11
Stack trace:
#0 /home/w/wozyru/wozy.ru/public_html/wp-includes/template-loader.php(106): include()
#1 /home/w/wozyru/wozy.ru/public_html/wp-blog-header.php(19): require_once('/home/w/wozyru/...')
#2 /home/w/wozyru/wozy.ru/public_html/index.php(17): require('/home/w/wozyru/...')
#3 {main}
  thrown в /home/w/wozyru/wozy.ru/public_html/wp-content/themes/Divi/st-login.php на строке 11

2021-04-30T16:50:51+00:00 CRITICAL Uncaught Error: Call to undefined function st_login_form_param() in /home/w/wozyru/wozy.ru/public_html/wp-content/themes/Divi/st-login.php:11
Stack trace:
#0 /home/w/wozyru/wozy.ru/public_html/wp-includes/template-loader.php(106): include()
#1 /home/w/wozyru/wozy.ru/public_html/wp-blog-header.php(19): require_once('/home/w/wozyru/...')
#2 /home/w/wozyru/wozy.ru/public_html/index.php(17): require('/home/w/wozyru/...')
#3 {main}
  thrown в /home/w/wozyru/wozy.ru/public_html/wp-content/themes/Divi/st-login.php на строке 11

2021-04-30T16:51:44+00:00 CRITICAL Uncaught Error: Call to undefined function st_login_form_param() in /home/w/wozyru/wozy.ru/public_html/wp-content/themes/Divi/st-login.php:11
Stack trace:
#0 /home/w/wozyru/wozy.ru/public_html/wp-includes/template-loader.php(106): include()
#1 /home/w/wozyru/wozy.ru/public_html/wp-blog-header.php(19): require_once('/home/w/wozyru/...')
#2 /home/w/wozyru/wozy.ru/public_html/index.php(17): require('/home/w/wozyru/...')
#3 {main}
  thrown в /home/w/wozyru/wozy.ru/public_html/wp-content/themes/Divi/st-login.php на строке 11

2021-04-30T16:54:37+00:00 CRITICAL Uncaught Error: Call to undefined function st_login_form_param() in /home/w/wozyru/wozy.ru/public_html/wp-content/themes/Divi/st-login.php:11
Stack trace:
#0 /home/w/wozyru/wozy.ru/public_html/wp-includes/template-loader.php(106): include()
#1 /home/w/wozyru/wozy.ru/public_html/wp-blog-header.php(19): require_once('/home/w/wozyru/...')
#2 /home/w/wozyru/wozy.ru/public_html/index.php(17): require('/home/w/wozyru/...')
#3 {main}
  thrown в /home/w/wozyru/wozy.ru/public_html/wp-content/themes/Divi/st-login.php на строке 11

2021-04-30T16:56:50+00:00 CRITICAL Uncaught Error: Call to undefined function st_login_form_param() in /home/w/wozyru/wozy.ru/public_html/wp-content/themes/Divi/st-login.php:11
Stack trace:
#0 /home/w/wozyru/wozy.ru/public_html/wp-includes/template-loader.php(106): include()
#1 /home/w/wozyru/wozy.ru/public_html/wp-blog-header.php(19): require_once('/home/w/wozyru/...')
#2 /home/w/wozyru/wozy.ru/public_html/index.php(17): require('/home/w/wozyru/...')
#3 {main}
  thrown в /home/w/wozyru/wozy.ru/public_html/wp-content/themes/Divi/st-login.php на строке 11

2021-04-30T16:56:53+00:00 CRITICAL Uncaught Error: Call to undefined function st_login_form_param() in /home/w/wozyru/wozy.ru/public_html/wp-content/themes/Divi/st-login.php:11
Stack trace:
#0 /home/w/wozyru/wozy.ru/public_html/wp-includes/template-loader.php(106): include()
#1 /home/w/wozyru/wozy.ru/public_html/wp-blog-header.php(19): require_once('/home/w/wozyru/...')
#2 /home/w/wozyru/wozy.ru/public_html/index.php(17): require('/home/w/wozyru/...')
#3 {main}
  thrown в /home/w/wozyru/wozy.ru/public_html/wp-content/themes/Divi/st-login.php на строке 11

2021-04-30T16:58:16+00:00 CRITICAL Uncaught Error: Call to undefined function st_login_form_param() in /home/w/wozyru/wozy.ru/public_html/wp-content/themes/Divi/st-login.php:11
Stack trace:
#0 /home/w/wozyru/wozy.ru/public_html/wp-includes/template-loader.php(106): include()
#1 /home/w/wozyru/wozy.ru/public_html/wp-blog-header.php(19): require_once('/home/w/wozyru/...')
#2 /home/w/wozyru/wozy.ru/public_html/index.php(17): require('/home/w/wozyru/...')
#3 {main}
  thrown в /home/w/wozyru/wozy.ru/public_html/wp-content/themes/Divi/st-login.php на строке 11

2021-04-30T17:00:27+00:00 CRITICAL Uncaught Error: Call to undefined function st_login_form_param() in /home/w/wozyru/wozy.ru/public_html/wp-content/themes/Divi/st-login.php:11
Stack trace:
#0 /home/w/wozyru/wozy.ru/public_html/wp-includes/template-loader.php(106): include()
#1 /home/w/wozyru/wozy.ru/public_html/wp-blog-header.php(19): require_once('/home/w/wozyru/...')
#2 /home/w/wozyru/wozy.ru/public_html/index.php(17): require('/home/w/wozyru/...')
#3 {main}
  thrown в /home/w/wozyru/wozy.ru/public_html/wp-content/themes/Divi/st-login.php на строке 11

2021-04-30T17:02:43+00:00 CRITICAL Uncaught Error: Call to undefined function st_login_form_param() in /home/w/wozyru/wozy.ru/public_html/wp-content/themes/Divi/st-login.php:11
Stack trace:
#0 /home/w/wozyru/wozy.ru/public_html/wp-includes/template-loader.php(106): include()
#1 /home/w/wozyru/wozy.ru/public_html/wp-blog-header.php(19): require_once('/home/w/wozyru/...')
#2 /home/w/wozyru/wozy.ru/public_html/index.php(17): require('/home/w/wozyru/...')
#3 {main}
  thrown в /home/w/wozyru/wozy.ru/public_html/wp-content/themes/Divi/st-login.php на строке 11

2021-04-30T17:02:46+00:00 CRITICAL Uncaught Error: Call to undefined function st_login_form_param() in /home/w/wozyru/wozy.ru/public_html/wp-content/themes/Divi/st-login.php:11
Stack trace:
#0 /home/w/wozyru/wozy.ru/public_html/wp-includes/template-loader.php(106): include()
#1 /home/w/wozyru/wozy.ru/public_html/wp-blog-header.php(19): require_once('/home/w/wozyru/...')
#2 /home/w/wozyru/wozy.ru/public_html/index.php(17): require('/home/w/wozyru/...')
#3 {main}
  thrown в /home/w/wozyru/wozy.ru/public_html/wp-content/themes/Divi/st-login.php на строке 11

2021-04-30T17:03:51+00:00 CRITICAL Uncaught Error: Call to undefined function st_login_form_param() in /home/w/wozyru/wozy.ru/public_html/wp-content/themes/Divi/st-login.php:11
Stack trace:
#0 /home/w/wozyru/wozy.ru/public_html/wp-includes/template-loader.php(106): include()
#1 /home/w/wozyru/wozy.ru/public_html/wp-blog-header.php(19): require_once('/home/w/wozyru/...')
#2 /home/w/wozyru/wozy.ru/public_html/index.php(17): require('/home/w/wozyru/...')
#3 {main}
  thrown в /home/w/wozyru/wozy.ru/public_html/wp-content/themes/Divi/st-login.php на строке 11

2021-04-30T17:10:37+00:00 CRITICAL Uncaught Error: Call to undefined function st_login_form_param() in /home/w/wozyru/wozy.ru/public_html/wp-content/themes/Divi/st-login.php:11
Stack trace:
#0 /home/w/wozyru/wozy.ru/public_html/wp-includes/template-loader.php(106): include()
#1 /home/w/wozyru/wozy.ru/public_html/wp-blog-header.php(19): require_once('/home/w/wozyru/...')
#2 /home/w/wozyru/wozy.ru/public_html/index.php(17): require('/home/w/wozyru/...')
#3 {main}
  thrown в /home/w/wozyru/wozy.ru/public_html/wp-content/themes/Divi/st-login.php на строке 11

2021-04-30T17:13:18+00:00 CRITICAL Uncaught Error: Call to undefined function st_login_form_param() in /home/w/wozyru/wozy.ru/public_html/wp-content/themes/Divi/st-login.php:11
Stack trace:
#0 /home/w/wozyru/wozy.ru/public_html/wp-includes/template-loader.php(106): include()
#1 /home/w/wozyru/wozy.ru/public_html/wp-blog-header.php(19): require_once('/home/w/wozyru/...')
#2 /home/w/wozyru/wozy.ru/public_html/index.php(17): require('/home/w/wozyru/...')
#3 {main}
  thrown в /home/w/wozyru/wozy.ru/public_html/wp-content/themes/Divi/st-login.php на строке 11

2021-04-30T17:51:01+00:00 CRITICAL Uncaught Error: Call to undefined function st_login_form_param() in /home/w/wozyru/wozy.ru/public_html/wp-content/themes/Divi/st-login.php:11
Stack trace:
#0 /home/w/wozyru/wozy.ru/public_html/wp-includes/template-loader.php(106): include()
#1 /home/w/wozyru/wozy.ru/public_html/wp-blog-header.php(19): require_once('/home/w/wozyru/...')
#2 /home/w/wozyru/wozy.ru/public_html/index.php(17): require('/home/w/wozyru/...')
#3 {main}
  thrown в /home/w/wozyru/wozy.ru/public_html/wp-content/themes/Divi/st-login.php на строке 11

2021-04-30T20:15:58+00:00 CRITICAL Uncaught Error: Call to undefined function st_login_form_param() in /home/w/wozyru/wozy.ru/public_html/wp-content/themes/Divi/st-login.php:11
Stack trace:
#0 /home/w/wozyru/wozy.ru/public_html/wp-includes/template-loader.php(106): include()
#1 /home/w/wozyru/wozy.ru/public_html/wp-blog-header.php(19): require_once('/home/w/wozyru/...')
#2 /home/w/wozyru/wozy.ru/public_html/index.php(17): require('/home/w/wozyru/...')
#3 {main}
  thrown в /home/w/wozyru/wozy.ru/public_html/wp-content/themes/Divi/st-login.php на строке 11

