2021-05-01T18:40:24+00:00 CRITICAL Uncaught Error: Call to undefined function st_login_form_param() in /home/w/wozyru/wozy.ru/public_html/wp-content/themes/Divi/st-login.php:11
Stack trace:
#0 /home/w/wozyru/wozy.ru/public_html/wp-includes/template-loader.php(106): include()
#1 /home/w/wozyru/wozy.ru/public_html/wp-blog-header.php(19): require_once('/home/w/wozyru/...')
#2 /home/w/wozyru/wozy.ru/public_html/index.php(17): require('/home/w/wozyru/...')
#3 {main}
  thrown в /home/w/wozyru/wozy.ru/public_html/wp-content/themes/Divi/st-login.php на строке 11

2021-05-01T18:40:32+00:00 CRITICAL Uncaught Error: Call to undefined function st_login_form_param() in /home/w/wozyru/wozy.ru/public_html/wp-content/themes/Divi/st-login.php:11
Stack trace:
#0 /home/w/wozyru/wozy.ru/public_html/wp-includes/template-loader.php(106): include()
#1 /home/w/wozyru/wozy.ru/public_html/wp-blog-header.php(19): require_once('/home/w/wozyru/...')
#2 /home/w/wozyru/wozy.ru/public_html/index.php(17): require('/home/w/wozyru/...')
#3 {main}
  thrown в /home/w/wozyru/wozy.ru/public_html/wp-content/themes/Divi/st-login.php на строке 11

2021-05-01T18:42:15+00:00 CRITICAL Uncaught Error: Call to undefined function st_login_form_param() in /home/w/wozyru/wozy.ru/public_html/wp-content/themes/Divi/st-login.php:11
Stack trace:
#0 /home/w/wozyru/wozy.ru/public_html/wp-includes/template-loader.php(106): include()
#1 /home/w/wozyru/wozy.ru/public_html/wp-blog-header.php(19): require_once('/home/w/wozyru/...')
#2 /home/w/wozyru/wozy.ru/public_html/index.php(17): require('/home/w/wozyru/...')
#3 {main}
  thrown в /home/w/wozyru/wozy.ru/public_html/wp-content/themes/Divi/st-login.php на строке 11

2021-05-01T18:42:41+00:00 CRITICAL Uncaught Error: Call to undefined function st_login_form_param() in /home/w/wozyru/wozy.ru/public_html/wp-content/themes/Divi/st-login.php:11
Stack trace:
#0 /home/w/wozyru/wozy.ru/public_html/wp-includes/template-loader.php(106): include()
#1 /home/w/wozyru/wozy.ru/public_html/wp-blog-header.php(19): require_once('/home/w/wozyru/...')
#2 /home/w/wozyru/wozy.ru/public_html/index.php(17): require('/home/w/wozyru/...')
#3 {main}
  thrown в /home/w/wozyru/wozy.ru/public_html/wp-content/themes/Divi/st-login.php на строке 11

