2021-05-08T04:31:38+00:00 CRITICAL Uncaught Error: Call to undefined function elegant_description() in /home/w/wozyru/wozy.ru/public_html/wp-content/themes/Divi/header.php:6
Stack trace:
#0 /home/w/wozyru/wozy.ru/public_html/wp-includes/template.php(730): require_once()
#1 /home/w/wozyru/wozy.ru/public_html/wp-includes/template.php(676): load_template('/home/w/wozyru/...', true, Array)
#2 /home/w/wozyru/wozy.ru/public_html/wp-includes/general-template.php(48): locate_template(Array, true, true, Array)
#3 /home/w/wozyru/wozy.ru/public_html/wp-content/themes/Divi/page.php(3): get_header()
#4 /home/w/wozyru/wozy.ru/public_html/wp-includes/template-loader.php(106): include('/home/w/wozyru/...')
#5 /home/w/wozyru/wozy.ru/public_html/wp-blog-header.php(19): require_once('/home/w/wozyru/...')
#6 /home/w/wozyru/wozy.ru/public_html/index.php(17): require('/home/w/wozyru/...')
#7 {main}
  thrown в /home/w/wozyru/wozy.ru/public_html/wp-content/themes/Divi/header.php на строке 6

2021-05-08T04:31:44+00:00 CRITICAL Uncaught Error: Call to undefined function elegant_description() in /home/w/wozyru/wozy.ru/public_html/wp-content/themes/Divi/header.php:6
Stack trace:
#0 /home/w/wozyru/wozy.ru/public_html/wp-includes/template.php(730): require_once()
#1 /home/w/wozyru/wozy.ru/public_html/wp-includes/template.php(676): load_template('/home/w/wozyru/...', true, Array)
#2 /home/w/wozyru/wozy.ru/public_html/wp-includes/general-template.php(48): locate_template(Array, true, true, Array)
#3 /home/w/wozyru/wozy.ru/public_html/wp-content/themes/Divi/page.php(3): get_header()
#4 /home/w/wozyru/wozy.ru/public_html/wp-includes/template-loader.php(106): include('/home/w/wozyru/...')
#5 /home/w/wozyru/wozy.ru/public_html/wp-blog-header.php(19): require_once('/home/w/wozyru/...')
#6 /home/w/wozyru/wozy.ru/public_html/index.php(17): require('/home/w/wozyru/...')
#7 {main}
  thrown в /home/w/wozyru/wozy.ru/public_html/wp-content/themes/Divi/header.php на строке 6

2021-05-08T04:32:18+00:00 CRITICAL Uncaught Error: Call to undefined function elegant_description() in /home/w/wozyru/wozy.ru/public_html/wp-content/themes/Divi/header.php:6
Stack trace:
#0 /home/w/wozyru/wozy.ru/public_html/wp-includes/template.php(730): require_once()
#1 /home/w/wozyru/wozy.ru/public_html/wp-includes/template.php(676): load_template('/home/w/wozyru/...', true, Array)
#2 /home/w/wozyru/wozy.ru/public_html/wp-includes/general-template.php(48): locate_template(Array, true, true, Array)
#3 /home/w/wozyru/wozy.ru/public_html/wp-content/themes/Divi/page.php(3): get_header()
#4 /home/w/wozyru/wozy.ru/public_html/wp-includes/template-loader.php(106): include('/home/w/wozyru/...')
#5 /home/w/wozyru/wozy.ru/public_html/wp-blog-header.php(19): require_once('/home/w/wozyru/...')
#6 /home/w/wozyru/wozy.ru/public_html/index.php(17): require('/home/w/wozyru/...')
#7 {main}
  thrown в /home/w/wozyru/wozy.ru/public_html/wp-content/themes/Divi/header.php на строке 6

2021-05-08T08:09:58+00:00 CRITICAL Uncaught Error: Call to undefined function get_user_ID() in /home/w/wozyru/wozy.ru/public_html/wp-content/themes/Divi/page-333.php:203
Stack trace:
#0 /home/w/wozyru/wozy.ru/public_html/wp-includes/template-loader.php(106): include()
#1 /home/w/wozyru/wozy.ru/public_html/wp-blog-header.php(19): require_once('/home/w/wozyru/...')
#2 /home/w/wozyru/wozy.ru/public_html/index.php(17): require('/home/w/wozyru/...')
#3 {main}
  thrown в /home/w/wozyru/wozy.ru/public_html/wp-content/themes/Divi/page-333.php на строке 203

2021-05-08T08:13:47+00:00 CRITICAL Uncaught Error: Call to undefined function get_user_ID() in /home/w/wozyru/wozy.ru/public_html/wp-content/themes/Divi/page-333.php:187
Stack trace:
#0 /home/w/wozyru/wozy.ru/public_html/wp-includes/template-loader.php(106): include()
#1 /home/w/wozyru/wozy.ru/public_html/wp-blog-header.php(19): require_once('/home/w/wozyru/...')
#2 /home/w/wozyru/wozy.ru/public_html/index.php(17): require('/home/w/wozyru/...')
#3 {main}
  thrown в /home/w/wozyru/wozy.ru/public_html/wp-content/themes/Divi/page-333.php на строке 187

2021-05-08T08:14:30+00:00 CRITICAL Uncaught Error: Call to undefined function get_user_ID() in /home/w/wozyru/wozy.ru/public_html/wp-content/themes/Divi/page-333.php:187
Stack trace:
#0 /home/w/wozyru/wozy.ru/public_html/wp-includes/template-loader.php(106): include()
#1 /home/w/wozyru/wozy.ru/public_html/wp-blog-header.php(19): require_once('/home/w/wozyru/...')
#2 /home/w/wozyru/wozy.ru/public_html/index.php(17): require('/home/w/wozyru/...')
#3 {main}
  thrown в /home/w/wozyru/wozy.ru/public_html/wp-content/themes/Divi/page-333.php на строке 187

2021-05-08T08:17:44+00:00 CRITICAL Uncaught Error: Call to undefined function get_user_ID() in /home/w/wozyru/wozy.ru/public_html/wp-content/themes/Divi/page-333.php:187
Stack trace:
#0 /home/w/wozyru/wozy.ru/public_html/wp-includes/template-loader.php(106): include()
#1 /home/w/wozyru/wozy.ru/public_html/wp-blog-header.php(19): require_once('/home/w/wozyru/...')
#2 /home/w/wozyru/wozy.ru/public_html/index.php(17): require('/home/w/wozyru/...')
#3 {main}
  thrown в /home/w/wozyru/wozy.ru/public_html/wp-content/themes/Divi/page-333.php на строке 187

2021-05-08T08:20:47+00:00 CRITICAL Uncaught Error: Call to undefined function get_user_ID() in /home/w/wozyru/wozy.ru/public_html/wp-content/themes/Divi/page-333.php:187
Stack trace:
#0 /home/w/wozyru/wozy.ru/public_html/wp-includes/template-loader.php(106): include()
#1 /home/w/wozyru/wozy.ru/public_html/wp-blog-header.php(19): require_once('/home/w/wozyru/...')
#2 /home/w/wozyru/wozy.ru/public_html/index.php(17): require('/home/w/wozyru/...')
#3 {main}
  thrown в /home/w/wozyru/wozy.ru/public_html/wp-content/themes/Divi/page-333.php на строке 187

2021-05-08T08:21:11+00:00 CRITICAL Uncaught Error: Call to undefined function get_user_ID() in /home/w/wozyru/wozy.ru/public_html/wp-content/themes/Divi/page-333.php:188
Stack trace:
#0 /home/w/wozyru/wozy.ru/public_html/wp-includes/template-loader.php(106): include()
#1 /home/w/wozyru/wozy.ru/public_html/wp-blog-header.php(19): require_once('/home/w/wozyru/...')
#2 /home/w/wozyru/wozy.ru/public_html/index.php(17): require('/home/w/wozyru/...')
#3 {main}
  thrown в /home/w/wozyru/wozy.ru/public_html/wp-content/themes/Divi/page-333.php на строке 188

2021-05-08T08:22:05+00:00 CRITICAL Uncaught Error: Call to undefined function get_user_ID() in /home/w/wozyru/wozy.ru/public_html/wp-content/themes/Divi/page-333.php:187
Stack trace:
#0 /home/w/wozyru/wozy.ru/public_html/wp-includes/template-loader.php(106): include()
#1 /home/w/wozyru/wozy.ru/public_html/wp-blog-header.php(19): require_once('/home/w/wozyru/...')
#2 /home/w/wozyru/wozy.ru/public_html/index.php(17): require('/home/w/wozyru/...')
#3 {main}
  thrown в /home/w/wozyru/wozy.ru/public_html/wp-content/themes/Divi/page-333.php на строке 187

2021-05-08T08:24:23+00:00 CRITICAL Uncaught Error: Call to undefined function get_user_ID() in /home/w/wozyru/wozy.ru/public_html/wp-content/themes/Divi/page-333.php:187
Stack trace:
#0 /home/w/wozyru/wozy.ru/public_html/wp-includes/template-loader.php(106): include()
#1 /home/w/wozyru/wozy.ru/public_html/wp-blog-header.php(19): require_once('/home/w/wozyru/...')
#2 /home/w/wozyru/wozy.ru/public_html/index.php(17): require('/home/w/wozyru/...')
#3 {main}
  thrown в /home/w/wozyru/wozy.ru/public_html/wp-content/themes/Divi/page-333.php на строке 187

2021-05-08T08:24:50+00:00 CRITICAL Uncaught Error: Call to undefined function get_user_ID() in /home/w/wozyru/wozy.ru/public_html/wp-content/themes/Divi/page-333.php:187
Stack trace:
#0 /home/w/wozyru/wozy.ru/public_html/wp-includes/template-loader.php(106): include()
#1 /home/w/wozyru/wozy.ru/public_html/wp-blog-header.php(19): require_once('/home/w/wozyru/...')
#2 /home/w/wozyru/wozy.ru/public_html/index.php(17): require('/home/w/wozyru/...')
#3 {main}
  thrown в /home/w/wozyru/wozy.ru/public_html/wp-content/themes/Divi/page-333.php на строке 187

2021-05-08T08:26:09+00:00 CRITICAL Uncaught Error: Call to undefined function get_user_ID() in /home/w/wozyru/wozy.ru/public_html/wp-content/themes/Divi/page-333.php:187
Stack trace:
#0 /home/w/wozyru/wozy.ru/public_html/wp-includes/template-loader.php(106): include()
#1 /home/w/wozyru/wozy.ru/public_html/wp-blog-header.php(19): require_once('/home/w/wozyru/...')
#2 /home/w/wozyru/wozy.ru/public_html/index.php(17): require('/home/w/wozyru/...')
#3 {main}
  thrown в /home/w/wozyru/wozy.ru/public_html/wp-content/themes/Divi/page-333.php на строке 187

2021-05-08T08:26:42+00:00 CRITICAL Uncaught Error: Call to undefined function get_user_ID() in /home/w/wozyru/wozy.ru/public_html/wp-content/themes/Divi/page-333.php:187
Stack trace:
#0 /home/w/wozyru/wozy.ru/public_html/wp-includes/template-loader.php(106): include()
#1 /home/w/wozyru/wozy.ru/public_html/wp-blog-header.php(19): require_once('/home/w/wozyru/...')
#2 /home/w/wozyru/wozy.ru/public_html/index.php(17): require('/home/w/wozyru/...')
#3 {main}
  thrown в /home/w/wozyru/wozy.ru/public_html/wp-content/themes/Divi/page-333.php на строке 187

2021-05-08T08:27:09+00:00 CRITICAL Uncaught Error: Call to undefined function get_user_ID() in /home/w/wozyru/wozy.ru/public_html/wp-content/themes/Divi/page-333.php:187
Stack trace:
#0 /home/w/wozyru/wozy.ru/public_html/wp-includes/template-loader.php(106): include()
#1 /home/w/wozyru/wozy.ru/public_html/wp-blog-header.php(19): require_once('/home/w/wozyru/...')
#2 /home/w/wozyru/wozy.ru/public_html/index.php(17): require('/home/w/wozyru/...')
#3 {main}
  thrown в /home/w/wozyru/wozy.ru/public_html/wp-content/themes/Divi/page-333.php на строке 187

2021-05-08T08:27:52+00:00 CRITICAL Uncaught Error: Call to undefined function get_user_ID() in /home/w/wozyru/wozy.ru/public_html/wp-content/themes/Divi/page-333.php:187
Stack trace:
#0 /home/w/wozyru/wozy.ru/public_html/wp-includes/template-loader.php(106): include()
#1 /home/w/wozyru/wozy.ru/public_html/wp-blog-header.php(19): require_once('/home/w/wozyru/...')
#2 /home/w/wozyru/wozy.ru/public_html/index.php(17): require('/home/w/wozyru/...')
#3 {main}
  thrown в /home/w/wozyru/wozy.ru/public_html/wp-content/themes/Divi/page-333.php на строке 187

2021-05-08T09:17:11+00:00 CRITICAL Uncaught Error: Call to undefined function get_user_ID() in /home/w/wozyru/wozy.ru/public_html/wp-content/themes/Divi/page-lk.php:186
Stack trace:
#0 /home/w/wozyru/wozy.ru/public_html/wp-includes/template-loader.php(106): include()
#1 /home/w/wozyru/wozy.ru/public_html/wp-blog-header.php(19): require_once('/home/w/wozyru/...')
#2 /home/w/wozyru/wozy.ru/public_html/index.php(17): require('/home/w/wozyru/...')
#3 {main}
  thrown в /home/w/wozyru/wozy.ru/public_html/wp-content/themes/Divi/page-lk.php на строке 186

2021-05-08T09:25:03+00:00 CRITICAL Uncaught Error: Call to undefined function get_user_ID() in /home/w/wozyru/wozy.ru/public_html/wp-content/themes/Divi/page-lk.php:186
Stack trace:
#0 /home/w/wozyru/wozy.ru/public_html/wp-includes/template-loader.php(106): include()
#1 /home/w/wozyru/wozy.ru/public_html/wp-blog-header.php(19): require_once('/home/w/wozyru/...')
#2 /home/w/wozyru/wozy.ru/public_html/index.php(17): require('/home/w/wozyru/...')
#3 {main}
  thrown в /home/w/wozyru/wozy.ru/public_html/wp-content/themes/Divi/page-lk.php на строке 186

2021-05-08T09:38:26+00:00 CRITICAL Uncaught Error: Call to undefined function get_user_ID() in /home/w/wozyru/wozy.ru/public_html/wp-content/themes/Divi/page-lk.php:186
Stack trace:
#0 /home/w/wozyru/wozy.ru/public_html/wp-includes/template-loader.php(106): include()
#1 /home/w/wozyru/wozy.ru/public_html/wp-blog-header.php(19): require_once('/home/w/wozyru/...')
#2 /home/w/wozyru/wozy.ru/public_html/index.php(17): require('/home/w/wozyru/...')
#3 {main}
  thrown в /home/w/wozyru/wozy.ru/public_html/wp-content/themes/Divi/page-lk.php на строке 186

2021-05-08T09:43:39+00:00 CRITICAL Uncaught Error: Call to undefined function get_user_ID() in /home/w/wozyru/wozy.ru/public_html/wp-content/themes/Divi/page-lk.php:184
Stack trace:
#0 /home/w/wozyru/wozy.ru/public_html/wp-includes/template-loader.php(106): include()
#1 /home/w/wozyru/wozy.ru/public_html/wp-blog-header.php(19): require_once('/home/w/wozyru/...')
#2 /home/w/wozyru/wozy.ru/public_html/index.php(17): require('/home/w/wozyru/...')
#3 {main}
  thrown в /home/w/wozyru/wozy.ru/public_html/wp-content/themes/Divi/page-lk.php на строке 184

2021-05-08T09:44:17+00:00 CRITICAL Uncaught Error: Call to undefined function get_user_ID() in /home/w/wozyru/wozy.ru/public_html/wp-content/themes/Divi/page-lk.php:184
Stack trace:
#0 /home/w/wozyru/wozy.ru/public_html/wp-includes/template-loader.php(106): include()
#1 /home/w/wozyru/wozy.ru/public_html/wp-blog-header.php(19): require_once('/home/w/wozyru/...')
#2 /home/w/wozyru/wozy.ru/public_html/index.php(17): require('/home/w/wozyru/...')
#3 {main}
  thrown в /home/w/wozyru/wozy.ru/public_html/wp-content/themes/Divi/page-lk.php на строке 184

2021-05-08T09:47:26+00:00 CRITICAL Uncaught Error: Call to undefined function get_user_ID() in /home/w/wozyru/wozy.ru/public_html/wp-content/themes/Divi/page-lk.php:184
Stack trace:
#0 /home/w/wozyru/wozy.ru/public_html/wp-includes/template-loader.php(106): include()
#1 /home/w/wozyru/wozy.ru/public_html/wp-blog-header.php(19): require_once('/home/w/wozyru/...')
#2 /home/w/wozyru/wozy.ru/public_html/index.php(17): require('/home/w/wozyru/...')
#3 {main}
  thrown в /home/w/wozyru/wozy.ru/public_html/wp-content/themes/Divi/page-lk.php на строке 184

2021-05-08T13:37:46+00:00 CRITICAL Uncaught Error: Call to undefined function get_user_ID() in /home/w/wozyru/wozy.ru/public_html/wp-content/themes/Divi/page-lk.php:103
Stack trace:
#0 /home/w/wozyru/wozy.ru/public_html/wp-includes/template-loader.php(106): include()
#1 /home/w/wozyru/wozy.ru/public_html/wp-blog-header.php(19): require_once('/home/w/wozyru/...')
#2 /home/w/wozyru/wozy.ru/public_html/index.php(17): require('/home/w/wozyru/...')
#3 {main}
  thrown в /home/w/wozyru/wozy.ru/public_html/wp-content/themes/Divi/page-lk.php на строке 103

2021-05-08T13:38:08+00:00 CRITICAL Uncaught Error: Call to undefined function get_user_ID() in /home/w/wozyru/wozy.ru/public_html/wp-content/themes/Divi/page-lk.php:103
Stack trace:
#0 /home/w/wozyru/wozy.ru/public_html/wp-includes/template-loader.php(106): include()
#1 /home/w/wozyru/wozy.ru/public_html/wp-blog-header.php(19): require_once('/home/w/wozyru/...')
#2 /home/w/wozyru/wozy.ru/public_html/index.php(17): require('/home/w/wozyru/...')
#3 {main}
  thrown в /home/w/wozyru/wozy.ru/public_html/wp-content/themes/Divi/page-lk.php на строке 103

2021-05-08T13:52:44+00:00 CRITICAL Uncaught Error: Call to undefined function get_user_ID() in /home/w/wozyru/wozy.ru/public_html/wp-content/themes/Divi/page-lk.php:103
Stack trace:
#0 /home/w/wozyru/wozy.ru/public_html/wp-includes/template-loader.php(106): include()
#1 /home/w/wozyru/wozy.ru/public_html/wp-blog-header.php(19): require_once('/home/w/wozyru/...')
#2 /home/w/wozyru/wozy.ru/public_html/index.php(17): require('/home/w/wozyru/...')
#3 {main}
  thrown в /home/w/wozyru/wozy.ru/public_html/wp-content/themes/Divi/page-lk.php на строке 103

2021-05-08T13:54:03+00:00 CRITICAL Uncaught Error: Call to undefined function get_user_ID() in /home/w/wozyru/wozy.ru/public_html/wp-content/themes/Divi/page-lk.php:103
Stack trace:
#0 /home/w/wozyru/wozy.ru/public_html/wp-includes/template-loader.php(106): include()
#1 /home/w/wozyru/wozy.ru/public_html/wp-blog-header.php(19): require_once('/home/w/wozyru/...')
#2 /home/w/wozyru/wozy.ru/public_html/index.php(17): require('/home/w/wozyru/...')
#3 {main}
  thrown в /home/w/wozyru/wozy.ru/public_html/wp-content/themes/Divi/page-lk.php на строке 103

2021-05-08T13:54:56+00:00 CRITICAL Uncaught Error: Call to undefined function get_user_ID() in /home/w/wozyru/wozy.ru/public_html/wp-content/themes/Divi/page-lk.php:102
Stack trace:
#0 /home/w/wozyru/wozy.ru/public_html/wp-includes/template-loader.php(106): include()
#1 /home/w/wozyru/wozy.ru/public_html/wp-blog-header.php(19): require_once('/home/w/wozyru/...')
#2 /home/w/wozyru/wozy.ru/public_html/index.php(17): require('/home/w/wozyru/...')
#3 {main}
  thrown в /home/w/wozyru/wozy.ru/public_html/wp-content/themes/Divi/page-lk.php на строке 102

2021-05-08T13:55:31+00:00 CRITICAL Uncaught Error: Call to undefined function get_user_ID() in /home/w/wozyru/wozy.ru/public_html/wp-content/themes/Divi/page-lk.php:102
Stack trace:
#0 /home/w/wozyru/wozy.ru/public_html/wp-includes/template-loader.php(106): include()
#1 /home/w/wozyru/wozy.ru/public_html/wp-blog-header.php(19): require_once('/home/w/wozyru/...')
#2 /home/w/wozyru/wozy.ru/public_html/index.php(17): require('/home/w/wozyru/...')
#3 {main}
  thrown в /home/w/wozyru/wozy.ru/public_html/wp-content/themes/Divi/page-lk.php на строке 102

2021-05-08T14:06:38+00:00 CRITICAL Uncaught Error: Call to undefined function get_user_ID() in /home/w/wozyru/wozy.ru/public_html/wp-content/themes/Divi/page-lk.php:64
Stack trace:
#0 /home/w/wozyru/wozy.ru/public_html/wp-includes/template-loader.php(106): include()
#1 /home/w/wozyru/wozy.ru/public_html/wp-blog-header.php(19): require_once('/home/w/wozyru/...')
#2 /home/w/wozyru/wozy.ru/public_html/index.php(17): require('/home/w/wozyru/...')
#3 {main}
  thrown в /home/w/wozyru/wozy.ru/public_html/wp-content/themes/Divi/page-lk.php на строке 64

2021-05-08T14:07:00+00:00 CRITICAL Uncaught Error: Call to undefined function get_user_ID() in /home/w/wozyru/wozy.ru/public_html/wp-content/themes/Divi/page-lk.php:89
Stack trace:
#0 /home/w/wozyru/wozy.ru/public_html/wp-includes/template-loader.php(106): include()
#1 /home/w/wozyru/wozy.ru/public_html/wp-blog-header.php(19): require_once('/home/w/wozyru/...')
#2 /home/w/wozyru/wozy.ru/public_html/index.php(17): require('/home/w/wozyru/...')
#3 {main}
  thrown в /home/w/wozyru/wozy.ru/public_html/wp-content/themes/Divi/page-lk.php на строке 89

2021-05-08T14:10:31+00:00 CRITICAL Uncaught Error: Call to undefined function get_user_ID() in /home/w/wozyru/wozy.ru/public_html/wp-content/themes/Divi/page-lk.php:77
Stack trace:
#0 /home/w/wozyru/wozy.ru/public_html/wp-includes/template-loader.php(106): include()
#1 /home/w/wozyru/wozy.ru/public_html/wp-blog-header.php(19): require_once('/home/w/wozyru/...')
#2 /home/w/wozyru/wozy.ru/public_html/index.php(17): require('/home/w/wozyru/...')
#3 {main}
  thrown в /home/w/wozyru/wozy.ru/public_html/wp-content/themes/Divi/page-lk.php на строке 77

2021-05-08T14:12:02+00:00 CRITICAL Uncaught Error: Call to undefined function get_user_ID() in /home/w/wozyru/wozy.ru/public_html/wp-content/themes/Divi/page-lk.php:51
Stack trace:
#0 /home/w/wozyru/wozy.ru/public_html/wp-includes/template-loader.php(106): include()
#1 /home/w/wozyru/wozy.ru/public_html/wp-blog-header.php(19): require_once('/home/w/wozyru/...')
#2 /home/w/wozyru/wozy.ru/public_html/index.php(17): require('/home/w/wozyru/...')
#3 {main}
  thrown в /home/w/wozyru/wozy.ru/public_html/wp-content/themes/Divi/page-lk.php на строке 51

2021-05-08T14:12:17+00:00 CRITICAL Uncaught Error: Call to undefined function get_user_ID() in /home/w/wozyru/wozy.ru/public_html/wp-content/themes/Divi/page-lk.php:51
Stack trace:
#0 /home/w/wozyru/wozy.ru/public_html/wp-includes/template-loader.php(106): include()
#1 /home/w/wozyru/wozy.ru/public_html/wp-blog-header.php(19): require_once('/home/w/wozyru/...')
#2 /home/w/wozyru/wozy.ru/public_html/index.php(17): require('/home/w/wozyru/...')
#3 {main}
  thrown в /home/w/wozyru/wozy.ru/public_html/wp-content/themes/Divi/page-lk.php на строке 51

2021-05-08T14:13:11+00:00 CRITICAL Uncaught Error: Call to undefined function get_user_ID() in /home/w/wozyru/wozy.ru/public_html/wp-content/themes/Divi/page-lk.php:46
Stack trace:
#0 /home/w/wozyru/wozy.ru/public_html/wp-includes/template-loader.php(106): include()
#1 /home/w/wozyru/wozy.ru/public_html/wp-blog-header.php(19): require_once('/home/w/wozyru/...')
#2 /home/w/wozyru/wozy.ru/public_html/index.php(17): require('/home/w/wozyru/...')
#3 {main}
  thrown в /home/w/wozyru/wozy.ru/public_html/wp-content/themes/Divi/page-lk.php на строке 46

2021-05-08T14:13:21+00:00 CRITICAL Uncaught Error: Call to undefined function get_user_ID() in /home/w/wozyru/wozy.ru/public_html/wp-content/themes/Divi/page-lk.php:46
Stack trace:
#0 /home/w/wozyru/wozy.ru/public_html/wp-includes/template-loader.php(106): include()
#1 /home/w/wozyru/wozy.ru/public_html/wp-blog-header.php(19): require_once('/home/w/wozyru/...')
#2 /home/w/wozyru/wozy.ru/public_html/index.php(17): require('/home/w/wozyru/...')
#3 {main}
  thrown в /home/w/wozyru/wozy.ru/public_html/wp-content/themes/Divi/page-lk.php на строке 46

2021-05-08T14:15:09+00:00 CRITICAL Uncaught Error: Call to undefined function get_user_ID() in /home/w/wozyru/wozy.ru/public_html/wp-content/themes/Divi/page-lk.php:46
Stack trace:
#0 /home/w/wozyru/wozy.ru/public_html/wp-includes/template-loader.php(106): include()
#1 /home/w/wozyru/wozy.ru/public_html/wp-blog-header.php(19): require_once('/home/w/wozyru/...')
#2 /home/w/wozyru/wozy.ru/public_html/index.php(17): require('/home/w/wozyru/...')
#3 {main}
  thrown в /home/w/wozyru/wozy.ru/public_html/wp-content/themes/Divi/page-lk.php на строке 46

2021-05-08T14:16:06+00:00 CRITICAL Uncaught Error: Call to undefined function get_user_ID() in /home/w/wozyru/wozy.ru/public_html/wp-content/themes/Divi/page-lk.php:39
Stack trace:
#0 /home/w/wozyru/wozy.ru/public_html/wp-includes/template-loader.php(106): include()
#1 /home/w/wozyru/wozy.ru/public_html/wp-blog-header.php(19): require_once('/home/w/wozyru/...')
#2 /home/w/wozyru/wozy.ru/public_html/index.php(17): require('/home/w/wozyru/...')
#3 {main}
  thrown в /home/w/wozyru/wozy.ru/public_html/wp-content/themes/Divi/page-lk.php на строке 39

2021-05-08T14:36:05+00:00 CRITICAL Cannot redeclare pa() (previously declared in /home/w/wozyru/wozy.ru/public_html/wp-content/plugins/st-parser-design/st-parser-design.php:8) в /home/w/wozyru/wozy.ru/public_html/wp-content/themes/Divi/functions.php на строке 6

2021-05-08T14:36:09+00:00 CRITICAL Cannot redeclare pa() (previously declared in /home/w/wozyru/wozy.ru/public_html/wp-content/plugins/st-parser-design/st-parser-design.php:8) в /home/w/wozyru/wozy.ru/public_html/wp-content/themes/Divi/functions.php на строке 6

2021-05-08T14:37:30+00:00 CRITICAL Cannot redeclare pa() (previously declared in /home/w/wozyru/wozy.ru/public_html/wp-content/plugins/st-parser-design/st-parser-design.php:8) в /home/w/wozyru/wozy.ru/public_html/wp-content/themes/Divi/functions.php на строке 6

2021-05-08T14:37:33+00:00 CRITICAL Cannot redeclare pa() (previously declared in /home/w/wozyru/wozy.ru/public_html/wp-content/plugins/st-parser-design/st-parser-design.php:8) в /home/w/wozyru/wozy.ru/public_html/wp-content/themes/Divi/functions.php на строке 6

2021-05-08T14:37:54+00:00 CRITICAL Cannot redeclare pa() (previously declared in /home/w/wozyru/wozy.ru/public_html/wp-content/plugins/st-parser-design/st-parser-design.php:8) в /home/w/wozyru/wozy.ru/public_html/wp-content/themes/Divi/functions.php на строке 6

2021-05-08T14:37:56+00:00 CRITICAL Cannot redeclare pa() (previously declared in /home/w/wozyru/wozy.ru/public_html/wp-content/plugins/st-parser-design/st-parser-design.php:8) в /home/w/wozyru/wozy.ru/public_html/wp-content/themes/Divi/functions.php на строке 6

2021-05-08T14:38:11+00:00 CRITICAL Cannot redeclare pa() (previously declared in /home/w/wozyru/wozy.ru/public_html/wp-content/plugins/st-parser-design/st-parser-design.php:8) в /home/w/wozyru/wozy.ru/public_html/wp-content/themes/Divi/functions.php на строке 6

2021-05-08T14:38:13+00:00 CRITICAL Cannot redeclare pa() (previously declared in /home/w/wozyru/wozy.ru/public_html/wp-content/plugins/st-parser-design/st-parser-design.php:8) в /home/w/wozyru/wozy.ru/public_html/wp-content/themes/Divi/functions.php на строке 6

2021-05-08T14:39:27+00:00 CRITICAL Cannot redeclare pa() (previously declared in /home/w/wozyru/wozy.ru/public_html/wp-content/plugins/st-parser-design/st-parser-design.php:8) в /home/w/wozyru/wozy.ru/public_html/wp-content/themes/Divi/functions.php на строке 6

2021-05-08T14:39:30+00:00 CRITICAL Cannot redeclare pa() (previously declared in /home/w/wozyru/wozy.ru/public_html/wp-content/plugins/st-parser-design/st-parser-design.php:8) в /home/w/wozyru/wozy.ru/public_html/wp-content/themes/Divi/functions.php на строке 6

2021-05-08T14:39:31+00:00 CRITICAL Cannot redeclare pa() (previously declared in /home/w/wozyru/wozy.ru/public_html/wp-content/plugins/st-parser-design/st-parser-design.php:8) в /home/w/wozyru/wozy.ru/public_html/wp-content/themes/Divi/functions.php на строке 6

2021-05-08T14:40:12+00:00 CRITICAL Cannot redeclare pa() (previously declared in /home/w/wozyru/wozy.ru/public_html/wp-content/plugins/st-parser-design/st-parser-design.php:8) в /home/w/wozyru/wozy.ru/public_html/wp-content/themes/Divi/functions.php на строке 8551

2021-05-08T14:40:13+00:00 CRITICAL Cannot redeclare pa() (previously declared in /home/w/wozyru/wozy.ru/public_html/wp-content/plugins/st-parser-design/st-parser-design.php:8) в /home/w/wozyru/wozy.ru/public_html/wp-content/themes/Divi/functions.php на строке 8551

2021-05-08T14:40:25+00:00 CRITICAL Cannot redeclare pa() (previously declared in /home/w/wozyru/wozy.ru/public_html/wp-content/plugins/st-parser-design/st-parser-design.php:8) в /home/w/wozyru/wozy.ru/public_html/wp-content/themes/Divi/functions.php на строке 8551

2021-05-08T14:40:27+00:00 CRITICAL Cannot redeclare pa() (previously declared in /home/w/wozyru/wozy.ru/public_html/wp-content/plugins/st-parser-design/st-parser-design.php:8) в /home/w/wozyru/wozy.ru/public_html/wp-content/themes/Divi/functions.php на строке 8551

2021-05-08T14:40:27+00:00 CRITICAL Cannot redeclare pa() (previously declared in /home/w/wozyru/wozy.ru/public_html/wp-content/plugins/st-parser-design/st-parser-design.php:8) в /home/w/wozyru/wozy.ru/public_html/wp-content/themes/Divi/functions.php на строке 8551

2021-05-08T14:40:29+00:00 CRITICAL Cannot redeclare pa() (previously declared in /home/w/wozyru/wozy.ru/public_html/wp-content/plugins/st-parser-design/st-parser-design.php:8) в /home/w/wozyru/wozy.ru/public_html/wp-content/themes/Divi/functions.php на строке 8551

2021-05-08T14:40:29+00:00 CRITICAL Cannot redeclare pa() (previously declared in /home/w/wozyru/wozy.ru/public_html/wp-content/plugins/st-parser-design/st-parser-design.php:8) в /home/w/wozyru/wozy.ru/public_html/wp-content/themes/Divi/functions.php на строке 8551

2021-05-08T14:41:09+00:00 CRITICAL Cannot redeclare pa() (previously declared in /home/w/wozyru/wozy.ru/public_html/wp-content/plugins/st-parser-design/st-parser-design.php:8) в /home/w/wozyru/wozy.ru/public_html/wp-content/themes/Divi/functions.php на строке 8551

2021-05-08T14:43:44+00:00 CRITICAL Uncaught Error: Call to undefined function get_user_ID() in /home/w/wozyru/wozy.ru/public_html/wp-content/themes/Divi/page-lk.php:40
Stack trace:
#0 /home/w/wozyru/wozy.ru/public_html/wp-includes/template-loader.php(106): include()
#1 /home/w/wozyru/wozy.ru/public_html/wp-blog-header.php(19): require_once('/home/w/wozyru/...')
#2 /home/w/wozyru/wozy.ru/public_html/index.php(17): require('/home/w/wozyru/...')
#3 {main}
  thrown в /home/w/wozyru/wozy.ru/public_html/wp-content/themes/Divi/page-lk.php на строке 40

2021-05-08T14:45:01+00:00 CRITICAL Uncaught Error: Call to undefined function get_user_ID() in /home/w/wozyru/wozy.ru/public_html/wp-content/themes/Divi/page-lk.php:4
Stack trace:
#0 /home/w/wozyru/wozy.ru/public_html/wp-includes/template-loader.php(106): include()
#1 /home/w/wozyru/wozy.ru/public_html/wp-blog-header.php(19): require_once('/home/w/wozyru/...')
#2 /home/w/wozyru/wozy.ru/public_html/index.php(17): require('/home/w/wozyru/...')
#3 {main}
  thrown в /home/w/wozyru/wozy.ru/public_html/wp-content/themes/Divi/page-lk.php на строке 4

2021-05-08T14:45:12+00:00 CRITICAL Uncaught Error: Call to undefined function get_user_ID() in /home/w/wozyru/wozy.ru/public_html/wp-content/themes/Divi/page-lk.php:4
Stack trace:
#0 /home/w/wozyru/wozy.ru/public_html/wp-includes/template-loader.php(106): include()
#1 /home/w/wozyru/wozy.ru/public_html/wp-blog-header.php(19): require_once('/home/w/wozyru/...')
#2 /home/w/wozyru/wozy.ru/public_html/index.php(17): require('/home/w/wozyru/...')
#3 {main}
  thrown в /home/w/wozyru/wozy.ru/public_html/wp-content/themes/Divi/page-lk.php на строке 4

2021-05-08T14:45:53+00:00 CRITICAL Uncaught Error: Object of class WP_User could not be converted to string in /home/w/wozyru/wozy.ru/public_html/wp-content/themes/Divi/functions.php:8551
Stack trace:
#0 /home/w/wozyru/wozy.ru/public_html/wp-content/themes/Divi/page-lk.php(4): pa(Object(WP_User))
#1 /home/w/wozyru/wozy.ru/public_html/wp-includes/template-loader.php(106): include('/home/w/wozyru/...')
#2 /home/w/wozyru/wozy.ru/public_html/wp-blog-header.php(19): require_once('/home/w/wozyru/...')
#3 /home/w/wozyru/wozy.ru/public_html/index.php(17): require('/home/w/wozyru/...')
#4 {main}
  thrown в /home/w/wozyru/wozy.ru/public_html/wp-content/themes/Divi/functions.php на строке 8551

2021-05-08T14:46:04+00:00 CRITICAL Uncaught Error: Object of class WP_User could not be converted to string in /home/w/wozyru/wozy.ru/public_html/wp-content/themes/Divi/functions.php:8551
Stack trace:
#0 /home/w/wozyru/wozy.ru/public_html/wp-content/themes/Divi/page-lk.php(4): pa(Object(WP_User))
#1 /home/w/wozyru/wozy.ru/public_html/wp-includes/template-loader.php(106): include('/home/w/wozyru/...')
#2 /home/w/wozyru/wozy.ru/public_html/wp-blog-header.php(19): require_once('/home/w/wozyru/...')
#3 /home/w/wozyru/wozy.ru/public_html/index.php(17): require('/home/w/wozyru/...')
#4 {main}
  thrown в /home/w/wozyru/wozy.ru/public_html/wp-content/themes/Divi/functions.php на строке 8551

2021-05-08T14:46:12+00:00 CRITICAL Uncaught Error: Object of class WP_User could not be converted to string in /home/w/wozyru/wozy.ru/public_html/wp-content/themes/Divi/functions.php:8551
Stack trace:
#0 /home/w/wozyru/wozy.ru/public_html/wp-content/themes/Divi/page-lk.php(4): pa(Object(WP_User))
#1 /home/w/wozyru/wozy.ru/public_html/wp-includes/template-loader.php(106): include('/home/w/wozyru/...')
#2 /home/w/wozyru/wozy.ru/public_html/wp-blog-header.php(19): require_once('/home/w/wozyru/...')
#3 /home/w/wozyru/wozy.ru/public_html/index.php(17): require('/home/w/wozyru/...')
#4 {main}
  thrown в /home/w/wozyru/wozy.ru/public_html/wp-content/themes/Divi/functions.php на строке 8551

2021-05-08T14:46:31+00:00 CRITICAL Uncaught Error: Object of class WP_User could not be converted to string in /home/w/wozyru/wozy.ru/public_html/wp-content/themes/Divi/functions.php:8551
Stack trace:
#0 /home/w/wozyru/wozy.ru/public_html/wp-content/themes/Divi/page-lk.php(4): pa(Object(WP_User))
#1 /home/w/wozyru/wozy.ru/public_html/wp-includes/template-loader.php(106): include('/home/w/wozyru/...')
#2 /home/w/wozyru/wozy.ru/public_html/wp-blog-header.php(19): require_once('/home/w/wozyru/...')
#3 /home/w/wozyru/wozy.ru/public_html/index.php(17): require('/home/w/wozyru/...')
#4 {main}
  thrown в /home/w/wozyru/wozy.ru/public_html/wp-content/themes/Divi/functions.php на строке 8551

2021-05-08T15:28:44+00:00 CRITICAL syntax error, unexpected '.' в /home/w/wozyru/wozy.ru/public_html/wp-content/themes/Divi/page-lk.php на строке 46

