[30-Jul-2021 12:05:25 UTC] PHP Notice:  Undefined index: action in /home/w/wozyru/wozy.ru/public_html/wp-content/plugins/st-parser-design/st-parser-design.php on line 65
[30-Jul-2021 12:05:25 UTC] PHP Notice:  Undefined index: status in /home/w/wozyru/wozy.ru/public_html/wp-content/plugins/st-parser-design/st-parser-design.php on line 70
[30-Jul-2021 12:05:25 UTC] PHP Notice:  Undefined index: geo in /home/w/wozyru/wozy.ru/public_html/wp-content/plugins/st-parser-design/st-parser-design.php on line 216
[30-Jul-2021 12:05:25 UTC] PHP Notice:  Undefined index:  in /home/w/wozyru/wozy.ru/public_html/wp-content/plugins/st-parser-design/st-parser-design.php on line 216
[30-Jul-2021 12:05:53 UTC] PHP Parse error:  syntax error, unexpected '<', expecting end of file in /home/w/wozyru/wozy.ru/public_html/wp-content/plugins/st-parser-design/st-parser-design.php on line 284
[30-Jul-2021 12:05:53 UTC] PHP Parse error:  syntax error, unexpected '<', expecting end of file in /home/w/wozyru/wozy.ru/public_html/wp-content/plugins/st-parser-design/st-parser-design.php on line 284
[30-Jul-2021 12:05:56 UTC] PHP Parse error:  syntax error, unexpected '<', expecting end of file in /home/w/wozyru/wozy.ru/public_html/wp-content/plugins/st-parser-design/st-parser-design.php on line 284
[30-Jul-2021 12:06:11 UTC] PHP Notice:  Undefined index: action in /home/w/wozyru/wozy.ru/public_html/wp-content/plugins/st-parser-design/st-parser-design.php on line 337
[30-Jul-2021 12:06:11 UTC] PHP Notice:  Undefined index: status in /home/w/wozyru/wozy.ru/public_html/wp-content/plugins/st-parser-design/st-parser-design.php on line 342
[30-Jul-2021 12:06:27 UTC] PHP Notice:  Undefined index: action in /home/w/wozyru/wozy.ru/public_html/wp-content/plugins/st-parser-design/st-parser-design.php on line 65
[30-Jul-2021 12:06:27 UTC] PHP Notice:  Undefined index: status in /home/w/wozyru/wozy.ru/public_html/wp-content/plugins/st-parser-design/st-parser-design.php on line 70
[30-Jul-2021 12:06:27 UTC] PHP Notice:  Undefined index: geo in /home/w/wozyru/wozy.ru/public_html/wp-content/plugins/st-parser-design/st-parser-design.php on line 216
[30-Jul-2021 12:06:27 UTC] PHP Notice:  Undefined index:  in /home/w/wozyru/wozy.ru/public_html/wp-content/plugins/st-parser-design/st-parser-design.php on line 216
[30-Jul-2021 12:07:13 UTC] PHP Notice:  Undefined index: action in /home/w/wozyru/wozy.ru/public_html/wp-content/plugins/st-parser-design/st-parser-design.php on line 65
[30-Jul-2021 12:07:13 UTC] PHP Notice:  Undefined index: status in /home/w/wozyru/wozy.ru/public_html/wp-content/plugins/st-parser-design/st-parser-design.php on line 70
[30-Jul-2021 12:07:13 UTC] PHP Notice:  Undefined index: geo in /home/w/wozyru/wozy.ru/public_html/wp-content/plugins/st-parser-design/st-parser-design.php on line 216
[30-Jul-2021 12:07:13 UTC] PHP Notice:  Undefined index:  in /home/w/wozyru/wozy.ru/public_html/wp-content/plugins/st-parser-design/st-parser-design.php on line 216
[30-Jul-2021 12:07:18 UTC] PHP Notice:  Undefined index: action in /home/w/wozyru/wozy.ru/public_html/wp-content/plugins/st-parser-design/st-parser-design.php on line 337
[30-Jul-2021 12:07:18 UTC] PHP Notice:  Undefined index: status in /home/w/wozyru/wozy.ru/public_html/wp-content/plugins/st-parser-design/st-parser-design.php on line 342
[30-Jul-2021 12:07:23 UTC] PHP Notice:  Undefined index: action in /home/w/wozyru/wozy.ru/public_html/wp-content/plugins/st-parser-design/st-parser-design.php on line 337
[30-Jul-2021 12:07:23 UTC] PHP Notice:  Undefined index: geo in /home/w/wozyru/wozy.ru/public_html/wp-content/plugins/st-parser-design/st-parser-design.php on line 488
[30-Jul-2021 12:07:23 UTC] PHP Notice:  Undefined index:  in /home/w/wozyru/wozy.ru/public_html/wp-content/plugins/st-parser-design/st-parser-design.php on line 488
[30-Jul-2021 12:07:28 UTC] PHP Notice:  Undefined index: action in /home/w/wozyru/wozy.ru/public_html/wp-content/plugins/st-parser-design/st-parser-design.php on line 337
[30-Jul-2021 12:07:29 UTC] PHP Notice:  Undefined index: geo in /home/w/wozyru/wozy.ru/public_html/wp-content/plugins/st-parser-design/st-parser-design.php on line 488
[30-Jul-2021 12:07:29 UTC] PHP Notice:  Undefined index:  in /home/w/wozyru/wozy.ru/public_html/wp-content/plugins/st-parser-design/st-parser-design.php on line 488
[30-Jul-2021 12:07:29 UTC] PHP Notice:  Undefined index: geo in /home/w/wozyru/wozy.ru/public_html/wp-content/plugins/st-parser-design/st-parser-design.php on line 488
[30-Jul-2021 12:07:29 UTC] PHP Notice:  Undefined index:  in /home/w/wozyru/wozy.ru/public_html/wp-content/plugins/st-parser-design/st-parser-design.php on line 488
[30-Jul-2021 12:07:33 UTC] PHP Notice:  Undefined index: action in /home/w/wozyru/wozy.ru/public_html/wp-content/plugins/st-parser-design/st-parser-design.php on line 337
[30-Jul-2021 12:07:33 UTC] PHP Notice:  Undefined index: geo in /home/w/wozyru/wozy.ru/public_html/wp-content/plugins/st-parser-design/st-parser-design.php on line 488
[30-Jul-2021 12:07:33 UTC] PHP Notice:  Undefined index:  in /home/w/wozyru/wozy.ru/public_html/wp-content/plugins/st-parser-design/st-parser-design.php on line 488
[30-Jul-2021 12:07:33 UTC] PHP Notice:  Undefined index: geo in /home/w/wozyru/wozy.ru/public_html/wp-content/plugins/st-parser-design/st-parser-design.php on line 488
[30-Jul-2021 12:07:33 UTC] PHP Notice:  Undefined index:  in /home/w/wozyru/wozy.ru/public_html/wp-content/plugins/st-parser-design/st-parser-design.php on line 488
[30-Jul-2021 12:07:33 UTC] PHP Notice:  Undefined index: geo in /home/w/wozyru/wozy.ru/public_html/wp-content/plugins/st-parser-design/st-parser-design.php on line 488
[30-Jul-2021 12:07:33 UTC] PHP Notice:  Undefined index:  in /home/w/wozyru/wozy.ru/public_html/wp-content/plugins/st-parser-design/st-parser-design.php on line 488
[30-Jul-2021 12:07:41 UTC] PHP Notice:  Undefined index: action in /home/w/wozyru/wozy.ru/public_html/wp-content/plugins/st-parser-design/st-parser-design.php on line 337
[30-Jul-2021 12:07:41 UTC] PHP Notice:  Undefined index: status in /home/w/wozyru/wozy.ru/public_html/wp-content/plugins/st-parser-design/st-parser-design.php on line 342
[30-Jul-2021 12:07:41 UTC] PHP Notice:  Undefined index: geo in /home/w/wozyru/wozy.ru/public_html/wp-content/plugins/st-parser-design/st-parser-design.php on line 488
[30-Jul-2021 12:07:41 UTC] PHP Notice:  Undefined index:  in /home/w/wozyru/wozy.ru/public_html/wp-content/plugins/st-parser-design/st-parser-design.php on line 488
[30-Jul-2021 12:07:41 UTC] PHP Notice:  Undefined index: geo in /home/w/wozyru/wozy.ru/public_html/wp-content/plugins/st-parser-design/st-parser-design.php on line 488
[30-Jul-2021 12:07:41 UTC] PHP Notice:  Undefined index:  in /home/w/wozyru/wozy.ru/public_html/wp-content/plugins/st-parser-design/st-parser-design.php on line 488
[30-Jul-2021 12:07:41 UTC] PHP Notice:  Undefined index: geo in /home/w/wozyru/wozy.ru/public_html/wp-content/plugins/st-parser-design/st-parser-design.php on line 488
[30-Jul-2021 12:07:41 UTC] PHP Notice:  Undefined index:  in /home/w/wozyru/wozy.ru/public_html/wp-content/plugins/st-parser-design/st-parser-design.php on line 488
[30-Jul-2021 12:07:53 UTC] PHP Notice:  Undefined index: action in /home/w/wozyru/wozy.ru/public_html/wp-content/plugins/st-parser-design/st-parser-design.php on line 65
[30-Jul-2021 12:07:53 UTC] PHP Notice:  Undefined index: geo in /home/w/wozyru/wozy.ru/public_html/wp-content/plugins/st-parser-design/st-parser-design.php on line 216
[30-Jul-2021 12:07:53 UTC] PHP Notice:  Undefined index:  in /home/w/wozyru/wozy.ru/public_html/wp-content/plugins/st-parser-design/st-parser-design.php on line 216
[30-Jul-2021 12:07:53 UTC] PHP Notice:  Undefined index: geo in /home/w/wozyru/wozy.ru/public_html/wp-content/plugins/st-parser-design/st-parser-design.php on line 216
[30-Jul-2021 12:07:53 UTC] PHP Notice:  Undefined index:  in /home/w/wozyru/wozy.ru/public_html/wp-content/plugins/st-parser-design/st-parser-design.php on line 216
[30-Jul-2021 12:07:53 UTC] PHP Notice:  Undefined index: geo in /home/w/wozyru/wozy.ru/public_html/wp-content/plugins/st-parser-design/st-parser-design.php on line 216
[30-Jul-2021 12:07:53 UTC] PHP Notice:  Undefined index:  in /home/w/wozyru/wozy.ru/public_html/wp-content/plugins/st-parser-design/st-parser-design.php on line 216
[30-Jul-2021 12:07:53 UTC] PHP Notice:  Undefined index: geo in /home/w/wozyru/wozy.ru/public_html/wp-content/plugins/st-parser-design/st-parser-design.php on line 216
[30-Jul-2021 12:07:53 UTC] PHP Notice:  Undefined index:  in /home/w/wozyru/wozy.ru/public_html/wp-content/plugins/st-parser-design/st-parser-design.php on line 216
[30-Jul-2021 12:07:56 UTC] PHP Notice:  Undefined index: action in /home/w/wozyru/wozy.ru/public_html/wp-content/plugins/st-parser-design/st-parser-design.php on line 65
[30-Jul-2021 12:07:56 UTC] PHP Notice:  Undefined index: geo in /home/w/wozyru/wozy.ru/public_html/wp-content/plugins/st-parser-design/st-parser-design.php on line 216
[30-Jul-2021 12:07:56 UTC] PHP Notice:  Undefined index:  in /home/w/wozyru/wozy.ru/public_html/wp-content/plugins/st-parser-design/st-parser-design.php on line 216
[30-Jul-2021 12:07:56 UTC] PHP Notice:  Undefined index: geo in /home/w/wozyru/wozy.ru/public_html/wp-content/plugins/st-parser-design/st-parser-design.php on line 216
[30-Jul-2021 12:07:56 UTC] PHP Notice:  Undefined index:  in /home/w/wozyru/wozy.ru/public_html/wp-content/plugins/st-parser-design/st-parser-design.php on line 216
[30-Jul-2021 12:07:56 UTC] PHP Notice:  Undefined index: geo in /home/w/wozyru/wozy.ru/public_html/wp-content/plugins/st-parser-design/st-parser-design.php on line 216
[30-Jul-2021 12:07:56 UTC] PHP Notice:  Undefined index:  in /home/w/wozyru/wozy.ru/public_html/wp-content/plugins/st-parser-design/st-parser-design.php on line 216
[30-Jul-2021 12:07:56 UTC] PHP Notice:  Undefined index: geo in /home/w/wozyru/wozy.ru/public_html/wp-content/plugins/st-parser-design/st-parser-design.php on line 216
[30-Jul-2021 12:07:56 UTC] PHP Notice:  Undefined index:  in /home/w/wozyru/wozy.ru/public_html/wp-content/plugins/st-parser-design/st-parser-design.php on line 216
[30-Jul-2021 12:07:59 UTC] PHP Notice:  Undefined index: action in /home/w/wozyru/wozy.ru/public_html/wp-content/plugins/st-parser-design/st-parser-design.php on line 65
[30-Jul-2021 12:07:59 UTC] PHP Notice:  Undefined index: geo in /home/w/wozyru/wozy.ru/public_html/wp-content/plugins/st-parser-design/st-parser-design.php on line 216
[30-Jul-2021 12:07:59 UTC] PHP Notice:  Undefined index:  in /home/w/wozyru/wozy.ru/public_html/wp-content/plugins/st-parser-design/st-parser-design.php on line 216
[30-Jul-2021 12:07:59 UTC] PHP Notice:  Undefined index: geo in /home/w/wozyru/wozy.ru/public_html/wp-content/plugins/st-parser-design/st-parser-design.php on line 216
[30-Jul-2021 12:07:59 UTC] PHP Notice:  Undefined index:  in /home/w/wozyru/wozy.ru/public_html/wp-content/plugins/st-parser-design/st-parser-design.php on line 216
[30-Jul-2021 12:07:59 UTC] PHP Notice:  Undefined index: geo in /home/w/wozyru/wozy.ru/public_html/wp-content/plugins/st-parser-design/st-parser-design.php on line 216
[30-Jul-2021 12:07:59 UTC] PHP Notice:  Undefined index:  in /home/w/wozyru/wozy.ru/public_html/wp-content/plugins/st-parser-design/st-parser-design.php on line 216
[30-Jul-2021 12:07:59 UTC] PHP Notice:  Undefined index: geo in /home/w/wozyru/wozy.ru/public_html/wp-content/plugins/st-parser-design/st-parser-design.php on line 216
[30-Jul-2021 12:07:59 UTC] PHP Notice:  Undefined index:  in /home/w/wozyru/wozy.ru/public_html/wp-content/plugins/st-parser-design/st-parser-design.php on line 216
[04-Aug-2021 13:31:56 UTC] PHP Notice:  Undefined index: action in /home/w/wozyru/wozy.ru/public_html/wp-content/plugins/st-parser-design/st-parser-design.php on line 68
[04-Aug-2021 13:31:56 UTC] PHP Notice:  Trying to access array offset on value of type null in /home/w/wozyru/wozy.ru/public_html/wp-content/plugins/st-parser-design/st-parser-design.php on line 218
[04-Aug-2021 13:31:56 UTC] PHP Notice:  Trying to access array offset on value of type null in /home/w/wozyru/wozy.ru/public_html/wp-content/plugins/st-parser-design/st-parser-design.php on line 219
[04-Aug-2021 13:31:56 UTC] PHP Notice:  Undefined index:  in /home/w/wozyru/wozy.ru/public_html/wp-content/plugins/st-parser-design/st-parser-design.php on line 219
[04-Aug-2021 13:31:56 UTC] PHP Notice:  Trying to access array offset on value of type null in /home/w/wozyru/wozy.ru/public_html/wp-content/plugins/st-parser-design/st-parser-design.php on line 218
[04-Aug-2021 13:31:56 UTC] PHP Notice:  Trying to access array offset on value of type null in /home/w/wozyru/wozy.ru/public_html/wp-content/plugins/st-parser-design/st-parser-design.php on line 219
[04-Aug-2021 13:31:56 UTC] PHP Notice:  Undefined index:  in /home/w/wozyru/wozy.ru/public_html/wp-content/plugins/st-parser-design/st-parser-design.php on line 219
[04-Aug-2021 13:31:56 UTC] PHP Notice:  Trying to access array offset on value of type null in /home/w/wozyru/wozy.ru/public_html/wp-content/plugins/st-parser-design/st-parser-design.php on line 218
[04-Aug-2021 13:31:56 UTC] PHP Notice:  Trying to access array offset on value of type null in /home/w/wozyru/wozy.ru/public_html/wp-content/plugins/st-parser-design/st-parser-design.php on line 219
[04-Aug-2021 13:31:56 UTC] PHP Notice:  Undefined index:  in /home/w/wozyru/wozy.ru/public_html/wp-content/plugins/st-parser-design/st-parser-design.php on line 219
[04-Aug-2021 13:31:56 UTC] PHP Notice:  Trying to access array offset on value of type null in /home/w/wozyru/wozy.ru/public_html/wp-content/plugins/st-parser-design/st-parser-design.php on line 218
[04-Aug-2021 13:31:56 UTC] PHP Notice:  Trying to access array offset on value of type null in /home/w/wozyru/wozy.ru/public_html/wp-content/plugins/st-parser-design/st-parser-design.php on line 219
[04-Aug-2021 13:31:56 UTC] PHP Notice:  Undefined index:  in /home/w/wozyru/wozy.ru/public_html/wp-content/plugins/st-parser-design/st-parser-design.php on line 219
[04-Aug-2021 13:32:09 UTC] PHP Notice:  Undefined index: action in /home/w/wozyru/wozy.ru/public_html/wp-content/plugins/st-parser-design/st-parser-design.php on line 68
[04-Aug-2021 13:32:11 UTC] PHP Notice:  Trying to access array offset on value of type null in /home/w/wozyru/wozy.ru/public_html/wp-content/plugins/st-parser-design/st-parser-design.php on line 218
[04-Aug-2021 13:32:11 UTC] PHP Notice:  Trying to access array offset on value of type null in /home/w/wozyru/wozy.ru/public_html/wp-content/plugins/st-parser-design/st-parser-design.php on line 219
[04-Aug-2021 13:32:11 UTC] PHP Notice:  Undefined index:  in /home/w/wozyru/wozy.ru/public_html/wp-content/plugins/st-parser-design/st-parser-design.php on line 219
[04-Aug-2021 13:32:11 UTC] PHP Notice:  Trying to access array offset on value of type null in /home/w/wozyru/wozy.ru/public_html/wp-content/plugins/st-parser-design/st-parser-design.php on line 218
[04-Aug-2021 13:32:11 UTC] PHP Notice:  Trying to access array offset on value of type null in /home/w/wozyru/wozy.ru/public_html/wp-content/plugins/st-parser-design/st-parser-design.php on line 219
[04-Aug-2021 13:32:11 UTC] PHP Notice:  Undefined index:  in /home/w/wozyru/wozy.ru/public_html/wp-content/plugins/st-parser-design/st-parser-design.php on line 219
[04-Aug-2021 13:32:11 UTC] PHP Notice:  Trying to access array offset on value of type null in /home/w/wozyru/wozy.ru/public_html/wp-content/plugins/st-parser-design/st-parser-design.php on line 218
[04-Aug-2021 13:32:11 UTC] PHP Notice:  Trying to access array offset on value of type null in /home/w/wozyru/wozy.ru/public_html/wp-content/plugins/st-parser-design/st-parser-design.php on line 219
[04-Aug-2021 13:32:11 UTC] PHP Notice:  Undefined index:  in /home/w/wozyru/wozy.ru/public_html/wp-content/plugins/st-parser-design/st-parser-design.php on line 219
[04-Aug-2021 13:32:11 UTC] PHP Notice:  Trying to access array offset on value of type null in /home/w/wozyru/wozy.ru/public_html/wp-content/plugins/st-parser-design/st-parser-design.php on line 218
[04-Aug-2021 13:32:11 UTC] PHP Notice:  Trying to access array offset on value of type null in /home/w/wozyru/wozy.ru/public_html/wp-content/plugins/st-parser-design/st-parser-design.php on line 219
[04-Aug-2021 13:32:11 UTC] PHP Notice:  Undefined index:  in /home/w/wozyru/wozy.ru/public_html/wp-content/plugins/st-parser-design/st-parser-design.php on line 219
[04-Aug-2021 13:32:11 UTC] PHP Notice:  Trying to access array offset on value of type null in /home/w/wozyru/wozy.ru/public_html/wp-content/plugins/st-parser-design/st-parser-design.php on line 218
[04-Aug-2021 13:32:11 UTC] PHP Notice:  Trying to access array offset on value of type null in /home/w/wozyru/wozy.ru/public_html/wp-content/plugins/st-parser-design/st-parser-design.php on line 219
[04-Aug-2021 13:32:11 UTC] PHP Notice:  Undefined index:  in /home/w/wozyru/wozy.ru/public_html/wp-content/plugins/st-parser-design/st-parser-design.php on line 219
